<?xml version="1.0" encoding="UTF-8"?>
<testng-results ignored="0" total="1" passed="1" failed="0" skipped="0">
  <reporter-output>
  </reporter-output>
  <suite started-at="2024-02-08T11:05:43 IST" name="Default suite" finished-at="2024-02-08T11:05:52 IST" duration-ms="9106">
    <groups>
    </groups>
    <test started-at="2024-02-08T11:05:43 IST" name="Default test" finished-at="2024-02-08T11:05:52 IST" duration-ms="9106">
      <class name="test.loggerFile">
        <test-method signature="Launch()[pri:0, instance:test.loggerFile@ba2f4ec]" started-at="2024-02-08T11:05:43 IST" name="Launch" finished-at="2024-02-08T11:05:52 IST" duration-ms="9031" status="PASS">
          <reporter-output>
          </reporter-output>
        </test-method> <!-- Launch -->
      </class> <!-- test.loggerFile -->
    </test> <!-- Default test -->
  </suite> <!-- Default suite -->
</testng-results>
